TN:
SF:server.js
FNF:0
FNH:0
DA:1,1
DA:2,1
DA:3,1
DA:4,1
DA:5,1
DA:6,1
DA:7,1
DA:8,1
DA:9,1
DA:10,1
DA:11,1
LF:11
LH:11
BRDA:1,0,0,1
BRDA:8,1,0,1
BRF:2
BRH:2
end_of_record
TN:
SF:controllers\notesController.js
FN:3,exports.getAllNotes
FN:7,exports.getNoteById
FN:15,exports.createNote
FN:32,exports.updateNote
FN:50,exports.deleteNote
FNF:5
FNH:5
FNDA:1,exports.getAllNotes
FNDA:3,exports.getNoteById
FNDA:10,exports.createNote
FNDA:6,exports.updateNote
FNDA:2,exports.deleteNote
DA:1,1
DA:2,1
DA:3,1
DA:4,1
DA:5,1
DA:6,1
DA:7,1
DA:8,3
DA:9,3
DA:10,3
DA:11,1
DA:12,1
DA:13,2
DA:14,1
DA:15,1
DA:16,10
DA:17,10
DA:18,2
DA:19,2
DA:20,8
DA:21,8
DA:22,8
DA:23,8
DA:24,8
DA:25,8
DA:26,8
DA:27,8
DA:28,8
DA:29,8
DA:30,8
DA:31,1
DA:32,1
DA:33,6
DA:34,6
DA:35,6
DA:36,1
DA:37,1
DA:38,6
DA:39,1
DA:40,1
DA:41,6
DA:42,0
DA:43,0
DA:44,4
DA:45,418
DA:46,4
DA:47,4
DA:48,4
DA:49,1
DA:50,1
DA:51,2
DA:52,2
DA:53,2
DA:54,1
DA:55,1
DA:56,1
DA:57,1
DA:58,1
DA:59,1
LF:59
LH:57
BRDA:1,0,0,1
BRDA:3,1,0,1
BRDA:7,2,0,3
BRDA:10,3,0,1
BRDA:13,4,0,2
BRDA:9,5,0,311
BRDA:15,6,0,10
BRDA:17,7,0,9
BRDA:17,8,0,2
BRDA:20,9,0,8
BRDA:32,10,0,6
BRDA:35,11,0,1
BRDA:38,12,0,5
BRDA:38,13,0,1
BRDA:41,14,0,4
BRDA:41,15,0,0
BRDA:44,16,0,4
BRDA:34,17,0,631
BRDA:44,18,0,418
BRDA:45,19,0,4
BRDA:45,20,0,414
BRDA:50,21,0,2
BRDA:53,22,0,1
BRDA:52,23,0,205
BRDA:56,24,0,103
BRF:25
BRH:24
end_of_record
TN:
SF:routes\notesRoutes.js
FNF:0
FNH:0
DA:1,1
DA:2,1
DA:3,1
DA:4,1
DA:5,1
DA:6,1
DA:7,1
DA:8,1
DA:9,1
DA:10,1
DA:11,1
LF:11
LH:11
BRDA:1,0,0,1
BRF:1
BRH:1
end_of_record
TN:
SF:services\notesService.js
FN:3,getNotes
FN:7,saveNotes
FNF:2
FNH:2
FNDA:20,getNotes
FNDA:13,saveNotes
DA:1,1
DA:2,1
DA:3,20
DA:4,20
DA:5,20
DA:6,20
DA:7,13
DA:8,13
DA:9,13
DA:10,1
LF:10
LH:10
BRDA:1,0,0,1
BRDA:3,1,0,20
BRDA:7,2,0,13
BRF:3
BRH:3
end_of_record
